2017-05-07 09:24:40 Error: [Cake\Datasource\Exception\RecordNotFoundException] Record not found in table "panels"
Request URL: /debug_kit/panels/view/undefined?url=debug_kit/panels/view/undefined
Referer URL: http://localhost/cakeforum/debug_kit/toolbar/65711fca-603e-4dde-b59f-321ada19d39a
Stack Trace:
#0 C:\xampp\htdocs\cakeforum\vendor\cakephp\cakephp\src\ORM\Table.php(1432): Cake\ORM\Query->firstOrFail()
#1 C:\xampp\htdocs\cakeforum\vendor\cakephp\debug_kit\src\Controller\PanelsController.php(95): Cake\ORM\Table->get('undefined')
#2 C:\xampp\htdocs\cakeforum\vendor\cakephp\cakephp\src\Controller\Controller.php(440): DebugKit\Controller\PanelsController->view('undefined')
#3 C:\xampp\htdocs\cakeforum\vendor\cakephp\cakephp\src\Http\ActionDispatcher.php(119): Cake\Controller\Controller->invokeAction()
#4 C:\xampp\htdocs\cakeforum\vendor\cakephp\cakephp\src\Http\ActionDispatcher.php(93): Cake\Http\ActionDispatcher->_invoke(Object(DebugKit\Controller\PanelsController))
#5 C:\xampp\htdocs\cakeforum\vendor\cakephp\cakephp\src\Http\BaseApplication.php(78): Cake\Http\ActionDispatcher->dispatch(Object(Cake\Http\ServerRequest), Object(Cake\Http\Response))
#6 C:\xampp\htdocs\cakeforum\vendor\cakephp\cakephp\src\Http\Runner.php(65): Cake\Http\BaseApplication->__invoke(Object(Cake\Http\ServerRequest), Object(Cake\Http\Response), Object(Cake\Http\Runner))
#7 C:\xampp\htdocs\cakeforum\vendor\cakephp\cakephp\src\Routing\Middleware\RoutingMiddleware.php(59): Cake\Http\Runner->__invoke(Object(Cake\Http\ServerRequest), Object(Cake\Http\Response))
#8 C:\xampp\htdocs\cakeforum\vendor\cakephp\cakephp\src\Http\Runner.php(65): Cake\Routing\Middleware\RoutingMiddleware->__invoke(Object(Cake\Http\ServerRequest), Object(Cake\Http\Response), Object(Cake\Http\Runner))
#9 C:\xampp\htdocs\cakeforum\vendor\cakephp\cakephp\src\Routing\Middleware\AssetMiddleware.php(88): Cake\Http\Runner->__invoke(Object(Cake\Http\ServerRequest), Object(Cake\Http\Response))
#10 C:\xampp\htdocs\cakeforum\vendor\cakephp\cakephp\src\Http\Runner.php(65): Cake\Routing\Middleware\AssetMiddleware->__invoke(Object(Cake\Http\ServerRequest), Object(Cake\Http\Response), Object(Cake\Http\Runner))
#11 C:\xampp\htdocs\cakeforum\vendor\cakephp\cakephp\src\Error\Middleware\ErrorHandlerMiddleware.php(92): Cake\Http\Runner->__invoke(Object(Cake\Http\ServerRequest), Object(Cake\Http\Response))
#12 C:\xampp\htdocs\cakeforum\vendor\cakephp\cakephp\src\Http\Runner.php(65): Cake\Error\Middleware\ErrorHandlerMiddleware->__invoke(Object(Cake\Http\ServerRequest), Object(Cake\Http\Response), Object(Cake\Http\Runner))
#13 C:\xampp\htdocs\cakeforum\vendor\cakephp\cakephp\src\Http\Runner.php(51): Cake\Http\Runner->__invoke(Object(Cake\Http\ServerRequest), Object(Cake\Http\Response))
#14 C:\xampp\htdocs\cakeforum\vendor\cakephp\cakephp\src\Http\Server.php(80): Cake\Http\Runner->run(Object(Cake\Http\MiddlewareQueue), Object(Cake\Http\ServerRequest), Object(Cake\Http\Response))
#15 C:\xampp\htdocs\cakeforum\webroot\index.php(37): Cake\Http\Server->run()
#16 {main}


2017-05-07 09:24:53 Error: [Cake\Datasource\Exception\RecordNotFoundException] Record not found in table "panels"
Request URL: /debug_kit/panels/view/undefined?url=debug_kit/panels/view/undefined
Stack Trace:
#0 C:\xampp\htdocs\cakeforum\vendor\cakephp\cakephp\src\ORM\Table.php(1432): Cake\ORM\Query->firstOrFail()
#1 C:\xampp\htdocs\cakeforum\vendor\cakephp\debug_kit\src\Controller\PanelsController.php(95): Cake\ORM\Table->get('undefined')
#2 C:\xampp\htdocs\cakeforum\vendor\cakephp\cakephp\src\Controller\Controller.php(440): DebugKit\Controller\PanelsController->view('undefined')
#3 C:\xampp\htdocs\cakeforum\vendor\cakephp\cakephp\src\Http\ActionDispatcher.php(119): Cake\Controller\Controller->invokeAction()
#4 C:\xampp\htdocs\cakeforum\vendor\cakephp\cakephp\src\Http\ActionDispatcher.php(93): Cake\Http\ActionDispatcher->_invoke(Object(DebugKit\Controller\PanelsController))
#5 C:\xampp\htdocs\cakeforum\vendor\cakephp\cakephp\src\Http\BaseApplication.php(78): Cake\Http\ActionDispatcher->dispatch(Object(Cake\Http\ServerRequest), Object(Cake\Http\Response))
#6 C:\xampp\htdocs\cakeforum\vendor\cakephp\cakephp\src\Http\Runner.php(65): Cake\Http\BaseApplication->__invoke(Object(Cake\Http\ServerRequest), Object(Cake\Http\Response), Object(Cake\Http\Runner))
#7 C:\xampp\htdocs\cakeforum\vendor\cakephp\cakephp\src\Routing\Middleware\RoutingMiddleware.php(59): Cake\Http\Runner->__invoke(Object(Cake\Http\ServerRequest), Object(Cake\Http\Response))
#8 C:\xampp\htdocs\cakeforum\vendor\cakephp\cakephp\src\Http\Runner.php(65): Cake\Routing\Middleware\RoutingMiddleware->__invoke(Object(Cake\Http\ServerRequest), Object(Cake\Http\Response), Object(Cake\Http\Runner))
#9 C:\xampp\htdocs\cakeforum\vendor\cakephp\cakephp\src\Routing\Middleware\AssetMiddleware.php(88): Cake\Http\Runner->__invoke(Object(Cake\Http\ServerRequest), Object(Cake\Http\Response))
#10 C:\xampp\htdocs\cakeforum\vendor\cakephp\cakephp\src\Http\Runner.php(65): Cake\Routing\Middleware\AssetMiddleware->__invoke(Object(Cake\Http\ServerRequest), Object(Cake\Http\Response), Object(Cake\Http\Runner))
#11 C:\xampp\htdocs\cakeforum\vendor\cakephp\cakephp\src\Error\Middleware\ErrorHandlerMiddleware.php(92): Cake\Http\Runner->__invoke(Object(Cake\Http\ServerRequest), Object(Cake\Http\Response))
#12 C:\xampp\htdocs\cakeforum\vendor\cakephp\cakephp\src\Http\Runner.php(65): Cake\Error\Middleware\ErrorHandlerMiddleware->__invoke(Object(Cake\Http\ServerRequest), Object(Cake\Http\Response), Object(Cake\Http\Runner))
#13 C:\xampp\htdocs\cakeforum\vendor\cakephp\cakephp\src\Http\Runner.php(51): Cake\Http\Runner->__invoke(Object(Cake\Http\ServerRequest), Object(Cake\Http\Response))
#14 C:\xampp\htdocs\cakeforum\vendor\cakephp\cakephp\src\Http\Server.php(80): Cake\Http\Runner->run(Object(Cake\Http\MiddlewareQueue), Object(Cake\Http\ServerRequest), Object(Cake\Http\Response))
#15 C:\xampp\htdocs\cakeforum\webroot\index.php(37): Cake\Http\Server->run()
#16 {main}


2017-05-11 13:53:13 Error: [Cake\Routing\Exception\MissingControllerException] Controller class Posts could not be found.
Exception Attributes: array (
  'class' => 'Posts',
  'plugin' => false,
  'prefix' => false,
  '_ext' => false,
)
Request URL: /posts?url=posts
Stack Trace:
#0 C:\xampp\htdocs\cakeforum\vendor\cakephp\cakephp\src\Http\ControllerFactory.php(70): Cake\Http\ControllerFactory->missingController(Object(Cake\Http\ServerRequest))
#1 C:\xampp\htdocs\cakeforum\vendor\cakephp\cakephp\src\Http\ActionDispatcher.php(90): Cake\Http\ControllerFactory->create(Object(Cake\Http\ServerRequest), Object(Cake\Http\Response))
#2 C:\xampp\htdocs\cakeforum\vendor\cakephp\cakephp\src\Http\BaseApplication.php(78): Cake\Http\ActionDispatcher->dispatch(Object(Cake\Http\ServerRequest), Object(Cake\Http\Response))
#3 C:\xampp\htdocs\cakeforum\vendor\cakephp\cakephp\src\Http\Runner.php(65): Cake\Http\BaseApplication->__invoke(Object(Cake\Http\ServerRequest), Object(Cake\Http\Response), Object(Cake\Http\Runner))
#4 C:\xampp\htdocs\cakeforum\vendor\cakephp\cakephp\src\Routing\Middleware\RoutingMiddleware.php(59): Cake\Http\Runner->__invoke(Object(Cake\Http\ServerRequest), Object(Cake\Http\Response))
#5 C:\xampp\htdocs\cakeforum\vendor\cakephp\cakephp\src\Http\Runner.php(65): Cake\Routing\Middleware\RoutingMiddleware->__invoke(Object(Cake\Http\ServerRequest), Object(Cake\Http\Response), Object(Cake\Http\Runner))
#6 C:\xampp\htdocs\cakeforum\vendor\cakephp\cakephp\src\Routing\Middleware\AssetMiddleware.php(88): Cake\Http\Runner->__invoke(Object(Cake\Http\ServerRequest), Object(Cake\Http\Response))
#7 C:\xampp\htdocs\cakeforum\vendor\cakephp\cakephp\src\Http\Runner.php(65): Cake\Routing\Middleware\AssetMiddleware->__invoke(Object(Cake\Http\ServerRequest), Object(Cake\Http\Response), Object(Cake\Http\Runner))
#8 C:\xampp\htdocs\cakeforum\vendor\cakephp\cakephp\src\Error\Middleware\ErrorHandlerMiddleware.php(92): Cake\Http\Runner->__invoke(Object(Cake\Http\ServerRequest), Object(Cake\Http\Response))
#9 C:\xampp\htdocs\cakeforum\vendor\cakephp\cakephp\src\Http\Runner.php(65): Cake\Error\Middleware\ErrorHandlerMiddleware->__invoke(Object(Cake\Http\ServerRequest), Object(Cake\Http\Response), Object(Cake\Http\Runner))
#10 C:\xampp\htdocs\cakeforum\vendor\cakephp\cakephp\src\Http\Runner.php(51): Cake\Http\Runner->__invoke(Object(Cake\Http\ServerRequest), Object(Cake\Http\Response))
#11 C:\xampp\htdocs\cakeforum\vendor\cakephp\cakephp\src\Http\Server.php(80): Cake\Http\Runner->run(Object(Cake\Http\MiddlewareQueue), Object(Cake\Http\ServerRequest), Object(Cake\Http\Response))
#12 C:\xampp\htdocs\cakeforum\webroot\index.php(37): Cake\Http\Server->run()
#13 {main}


2017-05-11 14:56:50 Error: Fatal Error (4): syntax error, unexpected '?>' in [C:\xampp\htdocs\cakeforum\src\Template\Posts\index.ctp, line 17]
Request URL: /posts/index
Trace:
Cake\Error\BaseErrorHandler::handleFatalError() - CORE\src\Error\BaseErrorHandler.php, line 223
Cake\Error\BaseErrorHandler::Cake\Error\{closure}() - CORE\src\Error\BaseErrorHandler.php, line 105
[main] - [internal], line ??



2017-05-11 14:56:53 Error: [Cake\Error\FatalErrorException] syntax error, unexpected '?>' in C:\xampp\htdocs\cakeforum\src\Template\Posts\index.ctp on line 17
Request URL: /posts/index
Stack Trace:
#0 C:\xampp\htdocs\cakeforum\vendor\cakephp\cakephp\src\Error\BaseErrorHandler.php(105): Cake\Error\BaseErrorHandler->handleFatalError(4, 'syntax error, u...', 'C:\\xampp\\htdocs...', 17)
#1 [internal function]: Cake\Error\BaseErrorHandler->Cake\Error\{closure}()
#2 {main}


2017-05-11 14:57:55 Error: Fatal Error (4): syntax error, unexpected '?>' in [C:\xampp\htdocs\cakeforum\src\Template\Posts\index.ctp, line 31]
Request URL: /posts/index
Trace:
Cake\Error\BaseErrorHandler::handleFatalError() - CORE\src\Error\BaseErrorHandler.php, line 223
Cake\Error\BaseErrorHandler::Cake\Error\{closure}() - CORE\src\Error\BaseErrorHandler.php, line 105
[main] - [internal], line ??



2017-05-11 14:57:56 Error: [Cake\Error\FatalErrorException] syntax error, unexpected '?>' in C:\xampp\htdocs\cakeforum\src\Template\Posts\index.ctp on line 31
Request URL: /posts/index
Stack Trace:
#0 C:\xampp\htdocs\cakeforum\vendor\cakephp\cakephp\src\Error\BaseErrorHandler.php(105): Cake\Error\BaseErrorHandler->handleFatalError(4, 'syntax error, u...', 'C:\\xampp\\htdocs...', 31)
#1 [internal function]: Cake\Error\BaseErrorHandler->Cake\Error\{closure}()
#2 {main}


2017-05-11 14:58:50 Error: Fatal Error (1): Call to a member function format() on null in [C:\xampp\htdocs\cakeforum\src\Template\Posts\index.ctp, line 45]
Request URL: /posts/index
Trace:
Cake\Error\BaseErrorHandler::handleFatalError() - CORE\src\Error\BaseErrorHandler.php, line 223
Cake\Error\BaseErrorHandler::Cake\Error\{closure}() - CORE\src\Error\BaseErrorHandler.php, line 105
[main] - [internal], line ??



2017-05-11 14:58:51 Error: [Cake\Error\FatalErrorException] Call to a member function format() on null in C:\xampp\htdocs\cakeforum\src\Template\Posts\index.ctp on line 45
Request URL: /posts/index
Stack Trace:
#0 C:\xampp\htdocs\cakeforum\vendor\cakephp\cakephp\src\Error\BaseErrorHandler.php(105): Cake\Error\BaseErrorHandler->handleFatalError(1, 'Call to a membe...', 'C:\\xampp\\htdocs...', 45)
#1 [internal function]: Cake\Error\BaseErrorHandler->Cake\Error\{closure}()
#2 {main}


